<?xml version="1.0" encoding="UTF-8"?>
<testng-results skipped="0" failed="0" total="1" passed="1">
  <reporter-output>
  </reporter-output>
  <suite name="Default suite" duration-ms="2394" started-at="2017-08-22T21:35:17Z" finished-at="2017-08-22T21:35:19Z">
    <groups>
    </groups>
    <test name="Default test" duration-ms="2394" started-at="2017-08-22T21:35:17Z" finished-at="2017-08-22T21:35:19Z">
      <class name="basics">
        <test-method status="PASS" signature="firstTest()[pri:0, instance:basics@5cc7c2a6]" name="firstTest" duration-ms="2379" started-at="2017-08-23T00:35:17Z" finished-at="2017-08-23T00:35:19Z">
          <reporter-output>
          </reporter-output>
        </test-method> <!-- firstTest -->
      </class> <!-- basics -->
    </test> <!-- Default test -->
  </suite> <!-- Default suite -->
</testng-results>
